<?xml version="1.0" encoding="UTF-8"?>
<!-- Generated by org.testng.reporters.JUnitReportReporter -->
<testsuite hostname="sg-VivoBook-15-ASUS-Laptop-X507UF" failures="0" tests="3" name="Test1" time="0.016" errors="0" timestamp="22 May 2023 07:13:19 GMT">
  <testcase classname="Test1" name="start" time="0.012"/>
  <testcase classname="Test1" name="stop" time="0.001"/>
  <testcase classname="Test1" name="hello" time="0.003"/>
</testsuite> <!-- Test1 -->
