<?xml version="1.0" encoding="UTF-8"?>
<!-- Generated by org.testng.reporters.JUnitReportReporter -->
<testsuite hostname="sg-VivoBook-15-ASUS-Laptop-X507UF" failures="0" tests="6" name="TestINfo.Demotest2" time="461.740" errors="0" timestamp="22 May 2023 04:27:47 GMT">
  <testcase classname="TestINfo.Demotest2" name="UserWalletInfo" time="137.428"/>
  <testcase classname="TestINfo.Demotest2" name="Login" time="23.245"/>
  <testcase classname="TestINfo.Demotest2" name="UserWalletWithDownline1" time="79.304"/>
  <testcase classname="TestINfo.Demotest2" name="UserWalletWithDownline2" time="98.857"/>
  <testcase classname="TestINfo.Demotest2" name="UserWallet" time="55.369"/>
  <testcase classname="TestINfo.Demotest2" name="UserWalletWithDownline" time="67.537"/>
</testsuite> <!-- TestINfo.Demotest2 -->
