<?xml version="1.0" encoding="UTF-8"?>
<!-- Generated by org.testng.reporters.JUnitReportReporter -->
<testsuite hostname="sg-VivoBook-15-ASUS-Laptop-X507UF" failures="0" tests="3" name="First" time="0.016" errors="0" timestamp="17 May 2023 04:53:17 GMT">
  <testcase classname="First" name="start" time="0.012"/>
  <testcase classname="First" name="start2" time="0.001"/>
  <testcase classname="First" name="start1" time="0.003"/>
</testsuite> <!-- First -->
