<?xml version="1.0" encoding="UTF-8"?>
<!-- Generated by org.testng.reporters.JUnitReportReporter -->
<testsuite hostname="sg-VivoBook-15-ASUS-Laptop-X507UF" failures="0" tests="2" name="User" time="88.057" errors="0" timestamp="18 May 2023 09:10:04 GMT">
  <testcase classname="User" name="Login1" time="26.021"/>
  <testcase classname="User" name="ViewUser" time="62.036"/>
</testsuite> <!-- User -->
