<?xml version="1.0" encoding="UTF-8"?>
<!-- Generated by org.testng.reporters.JUnitReportReporter -->
<testsuite hostname="sg-VivoBook-15-ASUS-Laptop-X507UF" failures="0" tests="7" name="TestINfo.Demotest" time="407.775" errors="0" timestamp="22 May 2023 04:13:05 GMT">
  <testcase classname="TestINfo.Demotest" name="CreateServiceGroup" time="80.057"/>
  <testcase classname="TestINfo.Demotest" name="dashboard" time="38.304"/>
  <testcase classname="TestINfo.Demotest" name="CreateNewAdmin" time="81.914"/>
  <testcase classname="TestINfo.Demotest" name="NewAdminAfterChangingPassword" time="29.498"/>
  <testcase classname="TestINfo.Demotest" name="ViewingAdminList" time="79.362"/>
  <testcase classname="TestINfo.Demotest" name="login" time="21.828"/>
  <testcase classname="TestINfo.Demotest" name="NewAdminLogIn" time="76.812"/>
</testsuite> <!-- TestINfo.Demotest -->
